{"level":"info","message":"Post service running on port 3002","service":"post-service","timestamp":"2026-05-01T18:13:27.696Z"}
{"level":"error","message":"Mongo connection error The `uri` parameter to `openUri()` must be a string, got \"undefined\". Make sure the first parameter to `mongoose.connect()` or `mongoose.createConnection()` is a string.","service":"post-service","stack":"MongooseError: The `uri` parameter to `openUri()` must be a string, got \"undefined\". Make sure the first parameter to `mongoose.connect()` or `mongoose.createConnection()` is a string.\n    at NativeConnection.createClient (C:\\Users\\hp\\OneDrive\\Desktop\\Node Advanced\\Microservice_project\\post-service\\node_modules\\mongoose\\lib\\drivers\\node-mongodb-native\\connection.js:234:11)\n    at NativeConnection.openUri (C:\\Users\\hp\\OneDrive\\Desktop\\Node Advanced\\Microservice_project\\post-service\\node_modules\\mongoose\\lib\\connection.js:1086:34)\n    at Mongoose.connect (C:\\Users\\hp\\OneDrive\\Desktop\\Node Advanced\\Microservice_project\\post-service\\node_modules\\mongoose\\lib\\mongoose.js:475:15)\n    at Object.<anonymous> (C:\\Users\\hp\\OneDrive\\Desktop\\Node Advanced\\Microservice_project\\post-service\\src\\server.js:16:4)\n    at Module._compile (node:internal/modules/cjs/loader:1368:14)\n    at Module._extensions..js (node:internal/modules/cjs/loader:1426:10)\n    at Module.load (node:internal/modules/cjs/loader:1205:32)\n    at Module._load (node:internal/modules/cjs/loader:1021:12)\n    at Function.executeUserEntryPoint [as runMain] (node:internal/modules/run_main:142:12)\n    at node:internal/main/run_main_module:28:49","timestamp":"2026-05-01T18:13:27.725Z"}
{"level":"info","message":"Post service running on port 3002","service":"post-service","timestamp":"2026-05-01T18:14:06.774Z"}
{"level":"info","message":"Connected to mongodb","service":"post-service","timestamp":"2026-05-01T18:14:07.503Z"}
{"level":"info","message":"Post service running on port 3002","service":"post-service","timestamp":"2026-05-02T18:04:02.788Z"}
{"level":"info","message":"Connected to mongodb","service":"post-service","timestamp":"2026-05-02T18:04:04.158Z"}
{"level":"info","message":"Received POST request to /api/posts/create-post","service":"post-service","timestamp":"2026-05-02T18:08:40.426Z"}
{"level":"info","message":"Request body, [object Object]","service":"post-service","timestamp":"2026-05-02T18:08:40.428Z"}
{"level":"info","message":"Create post endpoint hit","service":"post-service","timestamp":"2026-05-02T18:08:40.430Z"}
{"0":"\"","1":"c","10":"i","11":"s","12":" ","13":"r","14":"e","15":"q","16":"u","17":"i","18":"r","19":"e","2":"o","20":"d","3":"n","4":"t","5":"e","6":"n","7":"t","8":"\"","9":" ","level":"warn","message":"Validation error","service":"post-service","timestamp":"2026-05-02T18:08:40.451Z"}
{"level":"info","message":"Received POST request to /api/posts/create-post","service":"post-service","timestamp":"2026-05-02T18:09:10.669Z"}
{"level":"info","message":"Request body, [object Object]","service":"post-service","timestamp":"2026-05-02T18:09:10.671Z"}
{"level":"info","message":"Create post endpoint hit","service":"post-service","timestamp":"2026-05-02T18:09:10.673Z"}
{"0":"\"","1":"c","10":"i","11":"s","12":" ","13":"r","14":"e","15":"q","16":"u","17":"i","18":"r","19":"e","2":"o","20":"d","3":"n","4":"t","5":"e","6":"n","7":"t","8":"\"","9":" ","level":"warn","message":"Validation error","service":"post-service","timestamp":"2026-05-02T18:09:10.677Z"}
{"level":"info","message":"Received POST request to /api/posts/create-post","service":"post-service","timestamp":"2026-05-02T18:11:06.278Z"}
{"level":"info","message":"Request body, [object Object]","service":"post-service","timestamp":"2026-05-02T18:11:06.279Z"}
{"level":"info","message":"Create post endpoint hit","service":"post-service","timestamp":"2026-05-02T18:11:06.281Z"}
{"$__":{"$versionError":null,"activePaths":{"paths":{"content":"require","user":"require"},"states":{"default":{},"modify":{},"require":{"content":true,"user":true}}},"backup":{"activePaths":{"default":{"_id":true,"createdAt":true},"modify":{"content":true,"mediaIds":true,"updatedAt":true,"user":true}},"validationError":null},"cachedRequired":{},"inserting":true,"op":null,"pathsToScopes":{"mediaIds":{"__v":0,"_id":"69f63e3a143351f127491d7c","content":"first post by mishra","createdAt":"2026-05-02T18:03:57.672Z","mediaIds":[],"updatedAt":"2026-05-02T18:03:57.672Z","user":"69f47bd83ac319105934f939"}},"saveOptions":null,"savedState":{},"saving":null,"validating":null},"$isNew":false,"_doc":{"__v":0,"_id":"69f63e3a143351f127491d7c","content":"first post by mishra","createdAt":"2026-05-02T18:03:57.672Z","mediaIds":[],"updatedAt":"2026-05-02T18:03:57.672Z","user":"69f47bd83ac319105934f939"},"level":"info","message":"Post created successfully","service":"post-service","timestamp":"2026-05-02T18:11:06.563Z"}
{"level":"info","message":"Post service running on port 3002","service":"post-service","timestamp":"2026-05-02T18:24:03.447Z"}
{"level":"info","message":"Connected to mongodb","service":"post-service","timestamp":"2026-05-02T18:24:03.939Z"}
{"level":"info","message":"Post service running on port 3002","service":"post-service","timestamp":"2026-05-02T18:38:28.183Z"}
{"level":"info","message":"Connected to mongodb","service":"post-service","timestamp":"2026-05-02T18:38:29.497Z"}
{"level":"info","message":"Post service running on port 3002","service":"post-service","timestamp":"2026-05-02T18:38:50.779Z"}
{"level":"info","message":"Connected to mongodb","service":"post-service","timestamp":"2026-05-02T18:38:51.244Z"}
{"level":"info","message":"Received POST request to /api/posts/all-posts","service":"post-service","timestamp":"2026-05-02T18:41:14.451Z"}
{"level":"info","message":"Request body, [object Object]","service":"post-service","timestamp":"2026-05-02T18:41:14.454Z"}
{"level":"info","message":"Received GET request to /api/posts/all-posts","service":"post-service","timestamp":"2026-05-02T18:41:28.953Z"}
{"level":"info","message":"Request body, [object Object]","service":"post-service","timestamp":"2026-05-02T18:41:28.955Z"}
{"level":"info","message":"Received GET request to /api/posts/all-posts","service":"post-service","timestamp":"2026-05-02T18:45:02.240Z"}
{"level":"info","message":"Request body, [object Object]","service":"post-service","timestamp":"2026-05-02T18:45:02.243Z"}
{"level":"info","message":"Post service running on port 3002","service":"post-service","timestamp":"2026-05-02T18:48:18.347Z"}
{"level":"info","message":"Connected to mongodb","service":"post-service","timestamp":"2026-05-02T18:48:24.984Z"}
{"level":"info","message":"Received GET request to /api/posts/all-posts","service":"post-service","timestamp":"2026-05-02T18:48:29.710Z"}
{"level":"info","message":"Request body, [object Object]","service":"post-service","timestamp":"2026-05-02T18:48:29.712Z"}
{"level":"info","message":"Get all posts endpoint hit","service":"post-service","timestamp":"2026-05-02T18:48:29.714Z"}
{"level":"info","message":"Cached the posts to redis.","service":"post-service","timestamp":"2026-05-02T18:48:29.835Z"}
{"level":"info","message":"Received GET request to /api/posts/all-posts","service":"post-service","timestamp":"2026-05-02T18:48:43.727Z"}
{"level":"info","message":"Request body, [object Object]","service":"post-service","timestamp":"2026-05-02T18:48:43.729Z"}
{"level":"info","message":"Get all posts endpoint hit","service":"post-service","timestamp":"2026-05-02T18:48:43.733Z"}
{"level":"info","message":"Posts found in redis, returning from here.","service":"post-service","timestamp":"2026-05-02T18:48:43.739Z"}
